<?xml version="1.0" encoding="UTF-8"?>

<mule xmlns:ee="http://www.mulesoft.org/schema/mule/ee/core" xmlns:http="http://www.mulesoft.org/schema/mule/http"
	xmlns="http://www.mulesoft.org/schema/mule/core"
	xmlns:doc="http://www.mulesoft.org/schema/mule/documentation" xmlns:xsi="http://www.w3.org/2001/XMLSchema-instance" xsi:schemaLocation="http://www.mulesoft.org/schema/mule/core http://www.mulesoft.org/schema/mule/core/current/mule.xsd
http://www.mulesoft.org/schema/mule/http http://www.mulesoft.org/schema/mule/http/current/mule-http.xsd
http://www.mulesoft.org/schema/mule/ee/core http://www.mulesoft.org/schema/mule/ee/core/current/mule-ee.xsd">
	<http:listener-config name="HTTP_Listener_config" doc:name="HTTP Listener config" doc:id="b130c2fd-02f7-4759-a21b-7c0a9f1e47c1" >
		<http:listener-connection host="0.0.0.0" port="8081" />
	</http:listener-config>
	<flow name="test-applicationFlow" doc:id="bb2fedb3-4ec2-4591-a1d3-8302544ed21a" >
		<http:listener doc:name="Listener" doc:id="b44a7142-aec1-49b1-b3bf-108c26652039" config-ref="HTTP_Listener_config" path="/"/>
		<ee:transform doc:name="Transform Message" doc:id="f1cd8503-9403-4937-be05-50d2fdc3f1da" >
			<ee:message >
				<ee:set-payload ><![CDATA[%dw 2.0
output application/json
---
"Hello world from azure pipline ..."]]></ee:set-payload>
			</ee:message>
		</ee:transform>
	</flow>
</mule>
